2022-01-19:19:14:06,400 INFO     [app.py:15] Starting app
2022-01-19:19:14:06,400 INFO     [app.py:19] Connecting to database
2022-01-19:19:14:06,563 INFO     [app.py:25] Connected to database
2022-01-19:19:14:06,704 INFO     [_internal.py:225]  * Restarting with stat
2022-01-19:19:14:07,305 INFO     [app.py:15] Starting app
2022-01-19:19:14:07,306 INFO     [app.py:19] Connecting to database
2022-01-19:19:14:07,520 INFO     [app.py:25] Connected to database
2022-01-19:19:14:07,533 WARNING  [_internal.py:225]  * Debugger is active!
2022-01-19:19:14:07,538 INFO     [_internal.py:225]  * Debugger PIN: 552-907-874
2022-01-19:19:14:07,576 INFO     [_internal.py:225]  * Running on http://127.0.0.1:5000/ (Press CTRL+C to quit)
2022-01-19:19:34:26,669 INFO     [app.py:15] Starting app
2022-01-19:19:34:26,669 INFO     [app.py:19] Connecting to database
2022-01-19:19:34:26,867 INFO     [app.py:25] Connected to database
2022-01-19:19:34:27,10 INFO     [_internal.py:225]  * Restarting with stat
2022-01-19:19:34:27,822 INFO     [app.py:15] Starting app
2022-01-19:19:34:27,822 INFO     [app.py:19] Connecting to database
2022-01-19:19:34:27,911 INFO     [app.py:25] Connected to database
2022-01-19:19:34:27,939 WARNING  [_internal.py:225]  * Debugger is active!
2022-01-19:19:34:27,958 INFO     [_internal.py:225]  * Debugger PIN: 552-907-874
2022-01-19:19:34:28,29 INFO     [_internal.py:225]  * Running on http://127.0.0.1:5000/ (Press CTRL+C to quit)
2022-01-19:19:34:37,688 INFO     [app.py:38] {'name': 'prabal', 'username': '50prabal'}
2022-01-19:19:34:37,949 INFO     [app.py:52] Successully saved data
2022-01-19:19:34:37,951 INFO     [_internal.py:225] 127.0.0.1 - - [19/Jan/2022 19:34:37] "POST / HTTP/1.1" 200 -
2022-01-19:19:34:43,457 INFO     [app.py:38] {'name': 'prabal', 'username': '79prabal'}
2022-01-19:19:34:43,779 INFO     [app.py:52] Successully saved data
2022-01-19:19:34:43,779 INFO     [_internal.py:225] 127.0.0.1 - - [19/Jan/2022 19:34:43] "POST / HTTP/1.1" 200 -
